-------------------------------------------------------------------------------
Test set: umg.edu.gt.test.ClaseArrays.Ejercicio1Test
-------------------------------------------------------------------------------
Tests run: 4, Failures: 1, Errors: 0, Skipped: 0, Time elapsed: 0.074 s <<< FAILURE! -- in umg.edu.gt.test.ClaseArrays.Ejercicio1Test
umg.edu.gt.test.ClaseArrays.Ejercicio1Test.testFallaForzada -- Time elapsed: 0.039 s <<< FAILURE!
org.opentest4j.AssertionFailedError: El test que falla. ==> expected: <5> but was: <6>
	at org.junit.jupiter.api.AssertionFailureBuilder.build(AssertionFailureBuilder.java:151)
	at org.junit.jupiter.api.AssertionFailureBuilder.buildAndThrow(AssertionFailureBuilder.java:132)
	at org.junit.jupiter.api.AssertEquals.failNotEqual(AssertEquals.java:197)
	at org.junit.jupiter.api.AssertEquals.assertEquals(AssertEquals.java:150)
	at org.junit.jupiter.api.Assertions.assertEquals(Assertions.java:563)
	at umg.edu.gt.test.ClaseArrays.Ejercicio1Test.testFallaForzada(Ejercicio1Test.java:50)
	at java.base/java.lang.reflect.Method.invoke(Method.java:580)
	at java.base/java.util.ArrayList.forEach(ArrayList.java:1597)
	at java.base/java.util.ArrayList.forEach(ArrayList.java:1597)

